<?xml version="1.0" encoding="UTF-8"?>
<!-- Generated by org.testng.reporters.JUnitReportReporter -->
<testsuite hostname="LAPTOP-9KMGCDCT" failures="0" tests="1" name="GiftCards.TC_DWS_062_Test" time="5.426" errors="0" timestamp="2025-08-02T17:28:11 IST" skipped="0">
  <testcase classname="GiftCards.TC_DWS_062_Test" name="selectProduct" time="5.426"/>
</testsuite> <!-- GiftCards.TC_DWS_062_Test -->
