<?xml version="1.0" encoding="UTF-8"?>
<!-- Generated by org.testng.reporters.JUnitReportReporter -->
<testsuite hostname="LAPTOP-9KMGCDCT" failures="0" tests="1" name="computers.TC_DWS_022_Test" time="7.170" errors="0" timestamp="2025-08-02T16:26:29 IST" skipped="0">
  <testcase classname="computers.TC_DWS_022_Test" name="clickOnComputersDesktop" time="7.170"/>
</testsuite> <!-- computers.TC_DWS_022_Test -->
